<?xml version="1.0" encoding="UTF-8"?>
<!-- Generated by org.testng.reporters.JUnitReportReporter -->
<testsuite skipped="0" hostname="mas-PC" name="test.logintest" tests="3" failures="0" timestamp="2022-04-29T07:42:54 IST" time="7.862" errors="0">
  <testcase name="Log" time="3.624" classname="test.logintest"/>
  <system-out/>
  <testcase name="regularmarket" time="2.203" classname="test.logintest"/>
  <system-out/>
  <testcase name="homepage" time="2.035" classname="test.logintest"/>
  <system-out/>
</testsuite> <!-- test.logintest -->
